[02:26:34] [ServerMain/INFO]: [bootstrap] Running Java 21 (Java HotSpot(TM) 64-Bit Server VM 21.0.3+7-LTS-152; Oracle Corporation null) on Windows 11 10.0 (amd64)
[02:26:34] [ServerMain/INFO]: [bootstrap] Loading Paper 1.21.3-82-ver/1.21.3@5a60ffb (2024-12-23T19:10:30Z) for Minecraft 1.21.3
[02:26:35] [ServerMain/INFO]: [PluginInitializerManager] Initializing plugins...
[02:26:35] [ServerMain/INFO]: [PluginInitializerManager] Initialized 9 plugins
[02:26:35] [ServerMain/INFO]: [PluginInitializerManager] Bukkit plugins (9):
 - Essentials (2.20.1), EssentialsAntiBuild (2.20.1), EssentialsChat (2.20.1), EssentialsProtect (2.20.1), EssentialsSpawn (2.20.1), Geyser-Spigot (2.6.0-SNAPSHOT), ViaVersion (5.2.0), WorldEdit (7.3.9+6959-7adf70b), WorldGuard (7.0.13-beta-1+2f13ae0)
[02:26:38] [ServerMain/INFO]: Environment: Environment[sessionHost=https://sessionserver.mojang.com, servicesHost=https://api.minecraftservices.com, name=PROD]
[02:26:39] [ServerMain/INFO]: Loaded 1337 recipes
[02:26:39] [ServerMain/INFO]: Loaded 1448 advancements
[02:26:40] [Server thread/INFO]: Starting minecraft server version 1.21.3
[02:26:40] [Server thread/WARN]: ****************************
[02:26:40] [Server thread/WARN]: YOU ARE RUNNING THIS SERVER AS AN ADMINISTRATIVE OR ROOT USER. THIS IS NOT ADVISED.
[02:26:40] [Server thread/WARN]: YOU ARE OPENING YOURSELF UP TO POTENTIAL RISKS WHEN DOING THIS.
[02:26:40] [Server thread/WARN]: FOR MORE INFORMATION, SEE https://madelinemiller.dev/blog/root-minecraft-server/
[02:26:40] [Server thread/WARN]: ****************************
[02:26:40] [Server thread/INFO]: Loading properties
[02:26:40] [Server thread/INFO]: This server is running Paper version 1.21.3-82-ver/1.21.3@5a60ffb (2024-12-23T19:10:30Z) (Implementing API version 1.21.3-R0.1-SNAPSHOT)
[02:26:41] [Server thread/INFO]: [spark] This server bundles the spark profiler. For more information please visit https://docs.papermc.io/paper/profiling
[02:26:41] [Server thread/INFO]: Server Ping Player Sample Count: 12
[02:26:41] [Server thread/INFO]: Using 4 threads for Netty based IO
[02:26:41] [Server thread/INFO]: [MoonriseCommon] Paper is using 3 worker threads, 1 I/O threads
[02:26:41] [Server thread/INFO]: [ChunkTaskScheduler] Chunk system is using population gen parallelism: true
[02:26:41] [Server thread/INFO]: Default game type: SURVIVAL
[02:26:41] [Server thread/INFO]: Generating keypair
[02:26:41] [Server thread/INFO]: Starting Minecraft server on *:25565
[02:26:41] [Server thread/INFO]: Using default channel type
[02:26:41] [Server thread/INFO]: Paper: Using Java compression from Velocity.
[02:26:41] [Server thread/INFO]: Paper: Using Java cipher from Velocity.
[02:26:42] [Server thread/INFO]: [WorldEdit] Loading server plugin WorldEdit v7.3.9+6959-7adf70b
[02:26:42] [Server thread/INFO]: Got request to register class com.sk89q.worldedit.bukkit.BukkitServerInterface with WorldEdit [com.sk89q.worldedit.extension.platform.PlatformManager@4f0b119d]
[02:26:42] [Server thread/INFO]: [ViaVersion] Loading server plugin ViaVersion v5.2.0
[02:26:42] [Server thread/INFO]: [ViaVersion] ViaVersion 5.2.0 is now loaded. Registering protocol transformers and injecting...
[02:26:43] [Via-Mappingloader-0/INFO]: [ViaVersion] Loading block connection mappings ...
[02:26:43] [Via-Mappingloader-0/INFO]: [ViaVersion] Using FastUtil Long2ObjectOpenHashMap for block connections
[02:26:43] [Server thread/INFO]: [Essentials] Loading server plugin Essentials v2.20.1
[02:26:43] [Server thread/INFO]: [WorldGuard] Loading server plugin WorldGuard v7.0.13-beta-1+2f13ae0
[02:26:43] [Server thread/INFO]: [Geyser-Spigot] Loading server plugin Geyser-Spigot v2.6.0-SNAPSHOT
[02:26:43] [Server thread/INFO]: [Geyser-Spigot] Загрузка расширений...
[02:26:43] [Server thread/INFO]: [Geyser-Spigot] Загружено расширений: 0
[02:26:43] [Server thread/INFO]: [EssentialsSpawn] Loading server plugin EssentialsSpawn v2.20.1
[02:26:43] [Server thread/INFO]: [EssentialsProtect] Loading server plugin EssentialsProtect v2.20.1
[02:26:43] [Server thread/INFO]: [EssentialsChat] Loading server plugin EssentialsChat v2.20.1
[02:26:43] [Server thread/INFO]: [EssentialsAntiBuild] Loading server plugin EssentialsAntiBuild v2.20.1
[02:26:43] [Server thread/INFO]: Server permissions file permissions.yml is empty, ignoring it
[02:26:43] [Server thread/INFO]: [WorldEdit] Enabling WorldEdit v7.3.9+6959-7adf70b
[02:26:43] [Server thread/INFO]: Registering commands with com.sk89q.worldedit.bukkit.BukkitServerInterface
[02:26:43] [Server thread/INFO]: WEPIF: Using the Bukkit Permissions API.
[02:26:44] [Server thread/INFO]: Using com.sk89q.worldedit.bukkit.adapter.impl.v1_21_3.PaperweightAdapter as the Bukkit adapter
[02:26:45] [Server thread/WARN]: **** SERVER IS RUNNING IN OFFLINE/INSECURE MODE!
[02:26:45] [Server thread/WARN]: The server will make no attempt to authenticate usernames. Beware.
[02:26:45] [Server thread/WARN]: While this makes the game possible to play without internet access, it also opens up the ability for hackers to connect with any username they choose.
[02:26:45] [Server thread/WARN]: To change this, set "online-mode" to "true" in the server.properties file.
[02:26:45] [Server thread/INFO]: Preparing level "world"
[02:26:45] [Server thread/INFO]: Preparing start region for dimension minecraft:overworld
[02:26:45] [Paper Common Worker #2/INFO]: [MCTypeRegistry] Initialising converters for DataConverter...
[02:26:45] [Paper Common Worker #2/INFO]: [MCTypeRegistry] Finished initialising converters for DataConverter in 221,5ms
[02:26:45] [Server thread/INFO]: Preparing spawn area: 0%
[02:26:46] [Server thread/INFO]: Preparing spawn area: 0%
[02:26:46] [Server thread/INFO]: Time elapsed: 759 ms
[02:26:46] [Server thread/INFO]: Preparing start region for dimension minecraft:the_nether
[02:26:46] [Server thread/INFO]: Preparing spawn area: 0%
[02:26:46] [Server thread/INFO]: Time elapsed: 85 ms
[02:26:46] [Server thread/INFO]: Preparing start region for dimension minecraft:the_end
[02:26:46] [Server thread/INFO]: Preparing spawn area: 0%
[02:26:46] [Server thread/INFO]: Time elapsed: 56 ms
[02:26:46] [Server thread/INFO]: [ViaVersion] Enabling ViaVersion v5.2.0
[02:26:46] [Server thread/INFO]: [ViaVersion] ViaVersion detected server version: 1.21.2-1.21.3 (768)
[02:26:46] [Server thread/INFO]: [Essentials] Enabling Essentials v2.20.1
[02:26:46] [Server thread/ERROR]: [Essentials] You are running an unsupported server version!
[02:26:46] [Server thread/INFO]: [Essentials] Attempting to convert old kits in config.yml to new kits.yml
[02:26:46] [Server thread/INFO]: [Essentials] No kits found to migrate.
[02:26:47] [Server thread/INFO]: [Essentials] Loaded 39094 items from items.json.
[02:26:47] [Server thread/INFO]: [Essentials] Using locale ru_RU
[02:26:47] [Server thread/INFO]: [Essentials] ServerListPingEvent: Spigot iterator API
[02:26:47] [Server thread/INFO]: [Essentials] Starting Metrics. Opt-out using the global bStats config.
[02:26:47] [Server thread/INFO]: [Essentials] Using superperms-based permissions.
[02:26:47] [Server thread/INFO]: [WorldGuard] Enabling WorldGuard v7.0.13-beta-1+2f13ae0
[02:26:47] [Server thread/INFO]: [WorldGuard] (world) TNT ignition is PERMITTED.
[02:26:47] [Server thread/INFO]: [WorldGuard] (world) Lighters are PERMITTED.
[02:26:47] [Server thread/INFO]: [WorldGuard] (world) Lava fire is PERMITTED.
[02:26:47] [Server thread/INFO]: [WorldGuard] (world) Fire spread is UNRESTRICTED.
[02:26:47] [Server thread/INFO]: [WorldGuard] Loaded configuration for world 'world'
[02:26:47] [Server thread/INFO]: [WorldGuard] (world_nether) TNT ignition is PERMITTED.
[02:26:47] [Server thread/INFO]: [WorldGuard] (world_nether) Lighters are PERMITTED.
[02:26:47] [Server thread/INFO]: [WorldGuard] (world_nether) Lava fire is PERMITTED.
[02:26:47] [Server thread/INFO]: [WorldGuard] (world_nether) Fire spread is UNRESTRICTED.
[02:26:47] [Server thread/INFO]: [WorldGuard] Loaded configuration for world 'world_nether'
[02:26:47] [Server thread/INFO]: [WorldGuard] (world_the_end) TNT ignition is PERMITTED.
[02:26:47] [Server thread/INFO]: [WorldGuard] (world_the_end) Lighters are PERMITTED.
[02:26:47] [Server thread/INFO]: [WorldGuard] (world_the_end) Lava fire is PERMITTED.
[02:26:47] [Server thread/INFO]: [WorldGuard] (world_the_end) Fire spread is UNRESTRICTED.
[02:26:47] [Server thread/INFO]: [WorldGuard] Loaded configuration for world 'world_the_end'
[02:26:47] [Server thread/INFO]: [WorldGuard] Loading region data...
[02:26:47] [Server thread/INFO]: [Geyser-Spigot] Enabling Geyser-Spigot v2.6.0-SNAPSHOT
[02:26:47] [Server thread/INFO]: [EssentialsSpawn] Enabling EssentialsSpawn v2.20.1
[02:26:47] [Server thread/INFO]: [EssentialsSpawn] Starting Metrics. Opt-out using the global bStats config.
[02:26:47] [Server thread/INFO]: [EssentialsProtect] Enabling EssentialsProtect v2.20.1
[02:26:47] [Server thread/INFO]: [EssentialsProtect] Continuing to enable Protect.
[02:26:48] [Server thread/INFO]: [EssentialsProtect] Starting Metrics. Opt-out using the global bStats config.
[02:26:48] [Server thread/INFO]: [EssentialsChat] Enabling EssentialsChat v2.20.1
[02:26:48] [Server thread/INFO]: [EssentialsChat] Starting Metrics. Opt-out using the global bStats config.
[02:26:48] [Server thread/INFO]: [EssentialsAntiBuild] Enabling EssentialsAntiBuild v2.20.1
[02:26:48] [Server thread/INFO]: [EssentialsAntiBuild] Starting Metrics. Opt-out using the global bStats config.
[02:26:48] [Server thread/INFO]: [spark] Starting background profiler...
[02:26:48] [Server thread/INFO]: [spark] The async-profiler engine is not supported for your os/arch (windows11/amd64), so the built-in Java engine will be used instead.
[02:26:48] [Server thread/INFO]: [Geyser-Spigot] ******************************************
[02:26:48] [Server thread/INFO]: [Geyser-Spigot] 
[02:26:48] [Server thread/INFO]: [Geyser-Spigot] Загрузка Geyser версии 2.6.0-b739 (git-master-623ec2b)
[02:26:48] [Server thread/INFO]: [Geyser-Spigot] 
[02:26:48] [Server thread/INFO]: [Geyser-Spigot] ******************************************
[02:26:51] [Server thread/INFO]: [Geyser-Spigot] Geyser запущен на UDP порту 19132
[02:26:51] [Server thread/INFO]: [Geyser-Spigot] Выполнено (2,812сек.)! Используйте команду /geyser help для помощи!
[02:26:51] [Server thread/INFO]: Done preparing level "world" (6.014s)
[02:26:51] [Server thread/INFO]: Starting GS4 status listener
[02:26:51] [Server thread/INFO]: Thread Query Listener started
[02:26:51] [Server thread/INFO]: Starting remote control listener
[02:26:51] [Query Listener #1/INFO]: Query running on 0.0.0.0:25565
[02:26:51] [Server thread/INFO]: Thread RCON Listener started
[02:26:51] [Server thread/INFO]: RCON running on 0.0.0.0:25575
[02:26:51] [Server thread/INFO]: Running delayed init tasks
[02:26:51] [Server thread/INFO]: Done (17.188s)! For help, type "help"
[02:26:51] [Craft Scheduler Thread - 1 - ViaVersion/INFO]: [ViaVersion] Finished mapping loading, shutting down loader executor.
[02:26:51] [Craft Scheduler Thread - 3 - Essentials/INFO]: [Essentials] Получение информации о версии...
[02:27:28] [nioEventLoopGroup-4-1/INFO]: [Geyser-Spigot] Подключен игрок с именем пользователя shop5551323
[02:27:28] [localSession-7-2/INFO]: [Geyser-Spigot] shop5551323 (вошёл как: shop5551323) подключился к серверу Java
[02:27:28] [User Authenticator #0/INFO]: UUID of player shop5551323 is 251f35d6-b3ed-3f5a-8a42-b56669424306
[02:27:29] [Server thread/INFO]: shop5551323 joined the game
[02:27:29] [Server thread/INFO]: shop5551323[/127.0.0.1:0] logged in with entity id 68 at ([world]6.1565733, 106.0, 12.76678)
[02:27:29] [Server thread/WARN]: [Essentials] File motd.txt does not exist. Creating one for you.
[02:27:58] [Server thread/INFO]: shop5551323 issued server command: /set 0
[02:28:05] [Server thread/INFO]: shop5551323 issued server command: //set 0
[02:28:12] [Server thread/INFO]: shop5551323 issued server command: //undo
[02:28:31] [Server thread/INFO]: shop5551323 issued server command: /spawn
[02:28:32] [Server thread/WARN]: shop5551323 moved too quickly! 7.7139626,6.0,35.5345
[02:28:32] [Server thread/WARN]: shop5551323 moved too quickly! 7.7139626,6.0,35.5345
[02:28:32] [Server thread/WARN]: shop5551323 moved too quickly! 7.7139626,6.0,35.5345
[02:28:38] [Server thread/INFO]: shop5551323 issued server command: /gm 1
[02:29:15] [Server thread/INFO]: shop5551323 issued server command: /set spawn
[02:29:32] [Server thread/INFO]: shop5551323 issued server command: /setspawn
[02:29:44] [Server thread/INFO]: shop5551323 issued server command: /setworldspawn
[02:29:44] [Server thread/INFO]: [shop5551323: Set the world spawn point to 384, 94, 8 [0.0]]
[02:29:50] [Server thread/INFO]: shop5551323 issued server command: /spawn
[02:31:12] [localSession-7-2/INFO]: [Geyser-Spigot] shop5551323 отключился от сервера Java по причине Клиент Bedrock отключён
[02:31:12] [Server thread/INFO]: shop5551323 lost connection: Disconnected
[02:31:12] [Server thread/INFO]: shop5551323 left the game
[02:31:16] [Server thread/INFO]: Stopping the server
[02:31:17] [Server thread/INFO]: Stopping server
[02:31:17] [Server thread/INFO]: [EssentialsAntiBuild] Disabling EssentialsAntiBuild v2.20.1
[02:31:17] [Server thread/INFO]: [EssentialsChat] Disabling EssentialsChat v2.20.1
[02:31:17] [Server thread/INFO]: [EssentialsProtect] Disabling EssentialsProtect v2.20.1
[02:31:17] [Server thread/INFO]: [EssentialsSpawn] Disabling EssentialsSpawn v2.20.1
[02:31:17] [Server thread/INFO]: [Geyser-Spigot] Disabling Geyser-Spigot v2.6.0-SNAPSHOT
[02:31:17] [Server thread/INFO]: [Geyser-Spigot] Выключение Geyser.
[02:31:17] [Server thread/INFO]: [Geyser-Spigot] Geyser успешно выключен.
[02:31:17] [Server thread/INFO]: [WorldGuard] Disabling WorldGuard v7.0.13-beta-1+2f13ae0
[02:31:17] [Server thread/INFO]: [WorldGuard] Shutting down executor and cancelling any pending tasks...
[02:31:17] [Server thread/INFO]: [Essentials] Disabling Essentials v2.20.1
[02:31:17] [Server thread/INFO]: [ViaVersion] Disabling ViaVersion v5.2.0
[02:31:17] [Server thread/INFO]: [ViaVersion] ViaVersion has been disabled; uninjected the platform and shut down the scheduler.
[02:31:17] [Server thread/INFO]: [WorldEdit] Disabling WorldEdit v7.3.9+6959-7adf70b
[02:31:17] [Server thread/INFO]: Unregistering com.sk89q.worldedit.bukkit.BukkitServerInterface from WorldEdit
[02:31:17] [Server thread/INFO]: Saving players
[02:31:17] [Server thread/INFO]: Saving worlds
[02:31:17] [Server thread/INFO]: Saving chunks for level 'ServerLevel[world]'/minecraft:overworld
[02:31:17] [Server thread/INFO]: [ChunkHolderManager] Waiting 60s for chunk system to halt for world 'world'
[02:31:17] [Server thread/INFO]: [ChunkHolderManager] Halted chunk system for world 'world'
[02:31:17] [Server thread/INFO]: [ChunkHolderManager] Saving all chunkholders for world 'world'
[02:31:18] [Server thread/INFO]: [ChunkHolderManager] Saved 2200 block chunks, 1055 entity chunks, 12 poi chunks in world 'world' in 1,02s
[02:31:18] [Server thread/INFO]: [ChunkHolderManager] Waiting 60s for chunk I/O to halt for world 'world'
[02:31:18] [Server thread/INFO]: [ChunkHolderManager] Halted I/O scheduler for world 'world'
[02:31:18] [Server thread/INFO]: Saving chunks for level 'ServerLevel[world_nether]'/minecraft:the_nether
[02:31:18] [Server thread/INFO]: [ChunkHolderManager] Waiting 60s for chunk system to halt for world 'world_nether'
[02:31:18] [Server thread/INFO]: [ChunkHolderManager] Halted chunk system for world 'world_nether'
[02:31:18] [Server thread/INFO]: [ChunkHolderManager] Saving all chunkholders for world 'world_nether'
[02:31:18] [Server thread/INFO]: [ChunkHolderManager] Saved 49 block chunks, 49 entity chunks, 0 poi chunks in world 'world_nether' in 0,05s
[02:31:18] [Server thread/INFO]: [ChunkHolderManager] Waiting 60s for chunk I/O to halt for world 'world_nether'
[02:31:18] [Server thread/INFO]: [ChunkHolderManager] Halted I/O scheduler for world 'world_nether'
[02:31:18] [Server thread/INFO]: Saving chunks for level 'ServerLevel[world_the_end]'/minecraft:the_end
[02:31:18] [Server thread/INFO]: [ChunkHolderManager] Waiting 60s for chunk system to halt for world 'world_the_end'
[02:31:18] [Server thread/INFO]: [ChunkHolderManager] Halted chunk system for world 'world_the_end'
[02:31:18] [Server thread/INFO]: [ChunkHolderManager] Saving all chunkholders for world 'world_the_end'
[02:31:18] [Server thread/INFO]: [ChunkHolderManager] Saved 49 block chunks, 49 entity chunks, 0 poi chunks in world 'world_the_end' in 0,02s
[02:31:18] [Server thread/INFO]: [ChunkHolderManager] Waiting 60s for chunk I/O to halt for world 'world_the_end'
[02:31:18] [Server thread/INFO]: [ChunkHolderManager] Halted I/O scheduler for world 'world_the_end'
[02:31:18] [Server thread/INFO]: ThreadedAnvilChunkStorage (world): All chunks are saved
[02:31:18] [Server thread/INFO]: ThreadedAnvilChunkStorage (DIM-1): All chunks are saved
[02:31:18] [Server thread/INFO]: ThreadedAnvilChunkStorage (DIM1): All chunks are saved
[02:31:18] [Server thread/INFO]: ThreadedAnvilChunkStorage: All dimensions are saved
[02:31:18] [Server thread/INFO]: Waiting for I/O tasks to complete...
[02:31:18] [Server thread/INFO]: All I/O tasks to complete
[02:31:18] [Server thread/INFO]: [MoonriseCommon] Awaiting termination of worker pool for up to 60s...
[02:31:18] [Server thread/INFO]: [MoonriseCommon] Awaiting termination of I/O pool for up to 60s...
